0 info it worked if it ends with ok
1 verbose cli [ 'C:\\Program Files\\nodejs\\node.exe',
1 verbose cli   'C:\\Program Files\\nodejs\\node_modules\\npm\\bin\\npm-cli.js',
1 verbose cli   'run',
1 verbose cli   'build' ]
2 info using npm@3.10.10
3 info using node@v6.11.0
4 verbose run-script [ 'prebuild', 'build', 'postbuild' ]
5 info lifecycle todoapp@1.0.0~prebuild: todoapp@1.0.0
6 verbose lifecycle todoapp@1.0.0~prebuild: unsafe-perm in lifecycle true
7 verbose lifecycle todoapp@1.0.0~prebuild: PATH: C:\Program Files\nodejs\node_modules\npm\bin\node-gyp-bin;D:\Workspace\todoapp\node_modules\.bin;C:\Program Files\Java\jdk1.8.0_131\jre\bin;C:/Program Files/Java/jre1.8.0_141/bin/server;C:/Program Files/Java/jre1.8.0_141/bin;C:/Program Files/Java/jre1.8.0_141/lib/amd64;C:\oraclexe\app\oracle\product\11.2.0\server\bin;C:\ProgramData\Oracle\Java\javapath;C:\windows\system32;C:\windows;C:\windows\System32\Wbem;C:\windows\System32\WindowsPowerShell\v1.0\;C:\Program Files\Intel\WiFi\bin\;C:\Program Files\Common Files\Intel\WirelessCommon\;C:\Program Files\nodejs\;C:\Program Files\MySQL\MySQL Utilities 1.6\;C:\Program Files (x86)\Skype\Phone\;C:\Program Files\Git\cmd;C:\Users\ntanwa\AppData\Roaming\npm;C:\Program Files\Java\jdk1.8.0_131\bin;C:\Program Files\Microsoft VS Code\bin;D:\Workspace\angular 2 endtoend\03\Angular2-Webpack-Foundation\node_modules\.bin;D:\Software\sts-bundle\sts-3.8.4.RELEASE;
8 verbose lifecycle todoapp@1.0.0~prebuild: CWD: D:\Workspace\todoapp
9 silly lifecycle todoapp@1.0.0~prebuild: Args: [ '/d /s /c', 'npm install' ]
10 silly lifecycle todoapp@1.0.0~prebuild: Returned: code: 0  signal: null
11 info lifecycle todoapp@1.0.0~build: todoapp@1.0.0
12 verbose lifecycle todoapp@1.0.0~build: unsafe-perm in lifecycle true
13 verbose lifecycle todoapp@1.0.0~build: PATH: C:\Program Files\nodejs\node_modules\npm\bin\node-gyp-bin;D:\Workspace\todoapp\node_modules\.bin;C:\Program Files\Java\jdk1.8.0_131\jre\bin;C:/Program Files/Java/jre1.8.0_141/bin/server;C:/Program Files/Java/jre1.8.0_141/bin;C:/Program Files/Java/jre1.8.0_141/lib/amd64;C:\oraclexe\app\oracle\product\11.2.0\server\bin;C:\ProgramData\Oracle\Java\javapath;C:\windows\system32;C:\windows;C:\windows\System32\Wbem;C:\windows\System32\WindowsPowerShell\v1.0\;C:\Program Files\Intel\WiFi\bin\;C:\Program Files\Common Files\Intel\WirelessCommon\;C:\Program Files\nodejs\;C:\Program Files\MySQL\MySQL Utilities 1.6\;C:\Program Files (x86)\Skype\Phone\;C:\Program Files\Git\cmd;C:\Users\ntanwa\AppData\Roaming\npm;C:\Program Files\Java\jdk1.8.0_131\bin;C:\Program Files\Microsoft VS Code\bin;D:\Workspace\angular 2 endtoend\03\Angular2-Webpack-Foundation\node_modules\.bin;D:\Software\sts-bundle\sts-3.8.4.RELEASE;
14 verbose lifecycle todoapp@1.0.0~build: CWD: D:\Workspace\todoapp
15 silly lifecycle todoapp@1.0.0~build: Args: [ '/d /s /c', 'webpack -d' ]
16 silly lifecycle todoapp@1.0.0~build: Returned: code: 1  signal: null
17 info lifecycle todoapp@1.0.0~build: Failed to exec build script
18 verbose stack Error: todoapp@1.0.0 build: `webpack -d`
18 verbose stack Exit status 1
18 verbose stack     at EventEmitter.<anonymous> (C:\Program Files\nodejs\node_modules\npm\lib\utils\lifecycle.js:255:16)
18 verbose stack     at emitTwo (events.js:106:13)
18 verbose stack     at EventEmitter.emit (events.js:191:7)
18 verbose stack     at ChildProcess.<anonymous> (C:\Program Files\nodejs\node_modules\npm\lib\utils\spawn.js:40:14)
18 verbose stack     at emitTwo (events.js:106:13)
18 verbose stack     at ChildProcess.emit (events.js:191:7)
18 verbose stack     at maybeClose (internal/child_process.js:891:16)
18 verbose stack     at Process.ChildProcess._handle.onexit (internal/child_process.js:226:5)
19 verbose pkgid todoapp@1.0.0
20 verbose cwd D:\Workspace\todoapp
21 error Windows_NT 6.1.7601
22 error argv "C:\\Program Files\\nodejs\\node.exe" "C:\\Program Files\\nodejs\\node_modules\\npm\\bin\\npm-cli.js" "run" "build"
23 error node v6.11.0
24 error npm  v3.10.10
25 error code ELIFECYCLE
26 error todoapp@1.0.0 build: `webpack -d`
26 error Exit status 1
27 error Failed at the todoapp@1.0.0 build script 'webpack -d'.
27 error Make sure you have the latest version of node.js and npm installed.
27 error If you do, this is most likely a problem with the todoapp package,
27 error not with npm itself.
27 error Tell the author that this fails on your system:
27 error     webpack -d
27 error You can get information on how to open an issue for this project with:
27 error     npm bugs todoapp
27 error Or if that isn't available, you can get their info via:
27 error     npm owner ls todoapp
27 error There is likely additional logging output above.
28 verbose exit [ 1, true ]
